Determining if the pthread_create exist failed with the following output:
Change Dir: /home/akollaki/Documents/groupProject/gazebo/catkin_ws/build/CMakeFiles/CMakeTmp

Run Build Command:"/usr/bin/make" "cmTC_971fb/fast"
/usr/bin/make -f CMakeFiles/cmTC_971fb.dir/build.make CMakeFiles/cmTC_971fb.dir/build
make[1]: Entering directory '/home/akollaki/Documents/groupProject/gazebo/catkin_ws/build/CMakeFiles/CMakeTmp'
Building C object CMakeFiles/cmTC_971fb.dir/CheckSymbolExists.c.o
/usr/bin/cc     -o CMakeFiles/cmTC_971fb.dir/CheckSymbolExists.c.o   -c /home/akollaki/Documents/groupProject/gazebo/catkin_ws/build/CMakeFiles/CMakeTmp/CheckSymbolExists.c
Linking C executable cmTC_971fb
/usr/bin/cmake -E cmake_link_script CMakeFiles/cmTC_971fb.dir/link.txt --verbose=1
/usr/bin/cc       CMakeFiles/cmTC_971fb.dir/CheckSymbolExists.c.o  -o cmTC_971fb -rdynamic 
CMakeFiles/cmTC_971fb.dir/CheckSymbolExists.c.o: In function `main':
CheckSymbolExists.c:(.text+0x16): undefined reference to `pthread_create'
collect2: error: ld returned 1 exit status
CMakeFiles/cmTC_971fb.dir/build.make:97: recipe for target 'cmTC_971fb' failed
make[1]: *** [cmTC_971fb] Error 1
make[1]: Leaving directory '/home/akollaki/Documents/groupProject/gazebo/catkin_ws/build/CMakeFiles/CMakeTmp'
Makefile:126: recipe for target 'cmTC_971fb/fast' failed
make: *** [cmTC_971fb/fast] Error 2

File /home/akollaki/Documents/groupProject/gazebo/catkin_ws/build/CMakeFiles/CMakeTmp/CheckSymbolExists.c:
/* */
#include <pthread.h>

int main(int argc, char** argv)
{
  (void)argv;
#ifndef pthread_create
  return ((int*)(&pthread_create))[argc];
#else
  (void)argc;
  return 0;
#endif
}

Determining if the function pthread_create exists in the pthreads failed with the following output:
Change Dir: /home/akollaki/Documents/groupProject/gazebo/catkin_ws/build/CMakeFiles/CMakeTmp

Run Build Command:"/usr/bin/make" "cmTC_76551/fast"
/usr/bin/make -f CMakeFiles/cmTC_76551.dir/build.make CMakeFiles/cmTC_76551.dir/build
make[1]: Entering directory '/home/akollaki/Documents/groupProject/gazebo/catkin_ws/build/CMakeFiles/CMakeTmp'
Building C object CMakeFiles/cmTC_76551.dir/CheckFunctionExists.c.o
/usr/bin/cc    -DCHECK_FUNCTION_EXISTS=pthread_create   -o CMakeFiles/cmTC_76551.dir/CheckFunctionExists.c.o   -c /usr/share/cmake-3.5/Modules/CheckFunctionExists.c
Linking C executable cmTC_76551
/usr/bin/cmake -E cmake_link_script CMakeFiles/cmTC_76551.dir/link.txt --verbose=1
/usr/bin/cc   -DCHECK_FUNCTION_EXISTS=pthread_create    CMakeFiles/cmTC_76551.dir/CheckFunctionExists.c.o  -o cmTC_76551 -rdynamic -lpthreads 
/usr/bin/ld: cannot find -lpthreads
collect2: error: ld returned 1 exit status
CMakeFiles/cmTC_76551.dir/build.make:97: recipe for target 'cmTC_76551' failed
make[1]: *** [cmTC_76551] Error 1
make[1]: Leaving directory '/home/akollaki/Documents/groupProject/gazebo/catkin_ws/build/CMakeFiles/CMakeTmp'
Makefile:126: recipe for target 'cmTC_76551/fast' failed
make: *** [cmTC_76551/fast] Error 2


